timestamp: 2021-04-16T16:43:42.258623
CREATE TABLE "py4web_session"(
    "id" INTEGER PRIMARY KEY AUTOINCREMENT,
    "rkey" CHAR(512),
    "rvalue" TEXT,
    "expiration" INTEGER,
    "created_on" TIMESTAMP,
    "expires_on" TIMESTAMP
);
success!
timestamp: 2021-04-16T16:43:42.279613
CREATE TABLE "auth_user"(
    "id" INTEGER PRIMARY KEY AUTOINCREMENT,
    "email" CHAR(512) UNIQUE,
    "password" CHAR(512),
    "first_name" CHAR(512),
    "last_name" CHAR(512),
    "sso_id" CHAR(512),
    "action_token" CHAR(512),
    "last_password_change" TIMESTAMP,
    "past_passwords_hash" TEXT
);
success!
timestamp: 2021-04-16T16:43:42.301623
CREATE TABLE "auth_user_tag_groups"(
    "id" INTEGER PRIMARY KEY AUTOINCREMENT,
    "path" CHAR(512),
    "record_id" INTEGER REFERENCES "auth_user" ("id") ON DELETE CASCADE  
);
success!
timestamp: 2021-05-03T11:01:21.693999
ALTER TABLE "auth_user" ADD "username" CHAR(512) UNIQUE;
timestamp: 2021-05-03T11:03:03.733674
ALTER TABLE "auth_user" ADD "username" CHAR(512) UNIQUE;
timestamp: 2021-05-03T11:04:30.342016
CREATE TABLE "user"(
    "id" INTEGER PRIMARY KEY AUTOINCREMENT
);
success!
timestamp: 2021-05-03T11:04:30.354004
CREATE TABLE "review"(
    "id" INTEGER PRIMARY KEY AUTOINCREMENT,
    "vaccine_type" CHAR(512),
    "zip_code" CHAR(512),
    "user_id" INTEGER REFERENCES "user" ("id") ON DELETE CASCADE  ,
    "rating" CHAR(512),
    "user_feedback" CHAR(512),
    "submitted_time" CHAR(512)
);
success!
timestamp: 2021-05-03T11:09:07.070711
ALTER TABLE "auth_user" ADD "username" CHAR(512) UNIQUE;
timestamp: 2021-05-03T11:09:45.703861
ALTER TABLE "auth_user" ADD "username" CHAR(512) UNIQUE;
timestamp: 2021-05-03T11:12:04.699269
ALTER TABLE "auth_user" ADD "gender" CHAR(512);
timestamp: 2021-05-03T11:12:04.709261
ALTER TABLE "auth_user" ADD "age" CHAR(512);
success!
timestamp: 2021-05-03T12:00:09.561956
ALTER TABLE "auth_user" ADD "username" CHAR(512) UNIQUE;
timestamp: 2021-05-03T15:30:07.885817
ALTER TABLE "user" ADD "user_login" CHAR(512);
success!
timestamp: 2021-05-03T15:30:07.918273
ALTER TABLE "review" ADD "site_address" CHAR(512);
success!
timestamp: 2021-05-03T16:22:00.289886
ALTER TABLE "review" ADD "feedback" CHAR(512);
success!
success!
success!
success!
success!
success!
success!
success!
success!
success!
timestamp: 2021-05-03T16:35:09.582336
ALTER TABLE "review" ADD "user_email" CHAR(512);
success!
success!
success!
success!
success!
success!
success!
success!
success!
success!
success!
success!
success!
success!
success!
success!
success!
success!
success!
success!
success!
success!
success!
success!
success!
success!
success!
success!
success!
success!
success!
timestamp: 2021-05-03T23:39:59.236252
ALTER TABLE "review" ADD "users_id" CHAR(512);
success!
success!
success!
success!
success!
success!
success!
success!
success!
success!
success!
success!
timestamp: 2021-05-04T00:15:09.449294
ALTER TABLE "review" ADD "date" CHAR(512);
success!
success!
success!
success!
success!
success!
success!
success!
success!
